{"/Users/pavankumarpatruni/Workspace/Web/React/react-testing/src/App.tsx": {"path":"/Users/pavankumarpatruni/Workspace/Web/React/react-testing/src/App.tsx","all":false,"statementMap":{"0":{"start":{"line":1,"column":0},"end":{"line":1,"column":46}},"2":{"start":{"line":3,"column":0},"end":{"line":3,"column":19}},"4":{"start":{"line":5,"column":0},"end":{"line":5,"column":16}},"5":{"start":{"line":6,"column":0},"end":{"line":6,"column":40}},"7":{"start":{"line":8,"column":0},"end":{"line":8,"column":39}},"8":{"start":{"line":9,"column":0},"end":{"line":9,"column":35}},"9":{"start":{"line":10,"column":0},"end":{"line":10,"column":9}},"11":{"start":{"line":12,"column":0},"end":{"line":12,"column":39}},"12":{"start":{"line":13,"column":0},"end":{"line":13,"column":35}},"13":{"start":{"line":14,"column":0},"end":{"line":14,"column":9}},"15":{"start":{"line":16,"column":0},"end":{"line":16,"column":35}},"16":{"start":{"line":17,"column":0},"end":{"line":17,"column":16}},"17":{"start":{"line":18,"column":0},"end":{"line":18,"column":9}},"19":{"start":{"line":20,"column":0},"end":{"line":20,"column":43}},"20":{"start":{"line":21,"column":0},"end":{"line":21,"column":36}},"21":{"start":{"line":22,"column":0},"end":{"line":22,"column":9}},"23":{"start":{"line":24,"column":0},"end":{"line":24,"column":10}},"24":{"start":{"line":25,"column":0},"end":{"line":25,"column":6}},"25":{"start":{"line":26,"column":0},"end":{"line":26,"column":29}},"26":{"start":{"line":27,"column":0},"end":{"line":27,"column":28}},"27":{"start":{"line":28,"column":0},"end":{"line":28,"column":54}},"28":{"start":{"line":29,"column":0},"end":{"line":29,"column":54}},"29":{"start":{"line":30,"column":0},"end":{"line":30,"column":46}},"30":{"start":{"line":31,"column":0},"end":{"line":31,"column":64}},"31":{"start":{"line":32,"column":0},"end":{"line":32,"column":12}},"32":{"start":{"line":33,"column":0},"end":{"line":33,"column":7}},"34":{"start":{"line":35,"column":0},"end":{"line":35,"column":1}},"36":{"start":{"line":37,"column":0},"end":{"line":37,"column":19}}},"s":{"0":1,"2":1,"4":11,"5":11,"7":11,"8":3,"9":11,"11":11,"12":1,"13":11,"15":11,"16":1,"17":11,"19":11,"20":1,"21":11,"23":11,"24":11,"25":11,"26":11,"27":11,"28":11,"29":11,"30":11,"31":11,"32":11,"34":11,"36":1},"branchMap":{"0":{"type":"branch","line":5,"loc":{"start":{"line":5,"column":0},"end":{"line":35,"column":1}},"locations":[{"start":{"line":5,"column":0},"end":{"line":35,"column":1}}]},"1":{"type":"branch","line":8,"loc":{"start":{"line":8,"column":32},"end":{"line":10,"column":5}},"locations":[{"start":{"line":8,"column":32},"end":{"line":10,"column":5}}]},"2":{"type":"branch","line":9,"loc":{"start":{"line":9,"column":13},"end":{"line":9,"column":33}},"locations":[{"start":{"line":9,"column":13},"end":{"line":9,"column":33}}]},"3":{"type":"branch","line":12,"loc":{"start":{"line":12,"column":32},"end":{"line":14,"column":5}},"locations":[{"start":{"line":12,"column":32},"end":{"line":14,"column":5}}]},"4":{"type":"branch","line":13,"loc":{"start":{"line":13,"column":13},"end":{"line":13,"column":33}},"locations":[{"start":{"line":13,"column":13},"end":{"line":13,"column":33}}]},"5":{"type":"branch","line":16,"loc":{"start":{"line":16,"column":28},"end":{"line":18,"column":5}},"locations":[{"start":{"line":16,"column":28},"end":{"line":18,"column":5}}]},"6":{"type":"branch","line":20,"loc":{"start":{"line":20,"column":36},"end":{"line":22,"column":5}},"locations":[{"start":{"line":20,"column":36},"end":{"line":22,"column":5}}]},"7":{"type":"branch","line":21,"loc":{"start":{"line":21,"column":13},"end":{"line":21,"column":34}},"locations":[{"start":{"line":21,"column":13},"end":{"line":21,"column":34}}]}},"b":{"0":[11],"1":[3],"2":[3],"3":[1],"4":[1],"5":[1],"6":[1],"7":[1]},"fnMap":{"0":{"name":"App","decl":{"start":{"line":5,"column":0},"end":{"line":35,"column":1}},"loc":{"start":{"line":5,"column":0},"end":{"line":35,"column":1}},"line":5}},"f":{"0":11}}
}
